[ 2024-10-31 19:16:01,512 ] 1038 httpx - INFO - HTTP Request: GET https://dagshub.com/api/v1/user "HTTP/1.1 200 OK"
[ 2024-10-31 19:16:01,516 ] 107 dagshub - INFO - Accessing as mkirankumar0497
[ 2024-10-31 19:16:01,756 ] 1038 httpx - INFO - HTTP Request: GET https://dagshub.com/api/v1/repos/mkirankumar0497/networksecurity "HTTP/1.1 200 OK"
[ 2024-10-31 19:16:01,759 ] 107 dagshub - INFO - Initialized MLflow to track repo "mkirankumar0497/networksecurity"
[ 2024-10-31 19:16:01,759 ] 107 dagshub - INFO - Repository mkirankumar0497/networksecurity initialized!
[ 2024-10-31 19:16:34,162 ] 42 root - INFO - Start data Ingestion
[ 2024-10-31 19:16:36,124 ] 65 root - INFO - Performed train test split on the dataframe
[ 2024-10-31 19:16:36,124 ] 67 root - INFO - Exited split_data_as_train_test method of Data_Ingestion class
[ 2024-10-31 19:16:36,124 ] 75 root - INFO - Exporting train and test file path.
[ 2024-10-31 19:16:36,191 ] 84 root - INFO - Exported train and test file path.
[ 2024-10-31 19:16:36,191 ] 45 root - INFO - Data Ingestion completed and artifact: DataIngestionArtifact(trained_file_path='Artifacts/10_31_2024_19_15_59/data_ingestion/ingested/train.csv', test_file_path='Artifacts/10_31_2024_19_15_59/data_ingestion/ingested/test.csv')
[ 2024-10-31 19:16:36,199 ] 55 root - INFO - Initiate the data Validation
[ 2024-10-31 19:16:36,223 ] 32 root - INFO - Required number of columns:2
[ 2024-10-31 19:16:36,223 ] 33 root - INFO - Data frame has columns:31
[ 2024-10-31 19:16:36,223 ] 32 root - INFO - Required number of columns:2
[ 2024-10-31 19:16:36,223 ] 33 root - INFO - Data frame has columns:31
[ 2024-10-31 19:16:36,391 ] 63 root - INFO - Entered initiate_data_transformation method of DataTransformation class
[ 2024-10-31 19:16:36,391 ] 65 root - INFO - Starting data transformation
[ 2024-10-31 19:16:36,417 ] 48 root - INFO - Entered get_data_trnasformer_object method of Trnasformation class
[ 2024-10-31 19:16:36,417 ] 53 root - INFO - Initialise KNNImputer with {'missing_values': nan, 'n_neighbors': 3, 'weights': 'uniform'}
[ 2024-10-31 19:16:36,430 ] 46 root - INFO - Entered the save_object method of MainUtils class
[ 2024-10-31 19:16:36,432 ] 50 root - INFO - Exited the save_object method of MainUtils class
[ 2024-10-31 19:16:36,432 ] 46 root - INFO - Entered the save_object method of MainUtils class
[ 2024-10-31 19:16:36,434 ] 50 root - INFO - Exited the save_object method of MainUtils class
