[ 2024-10-31 19:31:36,889 ] 1038 httpx - INFO - HTTP Request: GET https://dagshub.com/api/v1/user "HTTP/1.1 200 OK"
[ 2024-10-31 19:31:36,893 ] 107 dagshub - INFO - Accessing as mkirankumar0497
[ 2024-10-31 19:31:37,065 ] 1038 httpx - INFO - HTTP Request: GET https://dagshub.com/api/v1/repos/mkirankumar0497/networksecurity "HTTP/1.1 200 OK"
[ 2024-10-31 19:31:37,067 ] 107 dagshub - INFO - Initialized MLflow to track repo "mkirankumar0497/networksecurity"
[ 2024-10-31 19:31:37,068 ] 107 dagshub - INFO - Repository mkirankumar0497/networksecurity initialized!
[ 2024-10-31 19:34:21,789 ] 42 root - INFO - Start data Ingestion
[ 2024-10-31 19:34:23,936 ] 65 root - INFO - Performed train test split on the dataframe
[ 2024-10-31 19:34:23,936 ] 67 root - INFO - Exited split_data_as_train_test method of Data_Ingestion class
[ 2024-10-31 19:34:23,937 ] 75 root - INFO - Exporting train and test file path.
[ 2024-10-31 19:34:24,002 ] 84 root - INFO - Exported train and test file path.
[ 2024-10-31 19:34:24,002 ] 45 root - INFO - Data Ingestion completed and artifact: DataIngestionArtifact(trained_file_path='Artifacts/10_31_2024_19_31_34/data_ingestion/ingested/train.csv', test_file_path='Artifacts/10_31_2024_19_31_34/data_ingestion/ingested/test.csv')
[ 2024-10-31 19:34:24,011 ] 55 root - INFO - Initiate the data Validation
[ 2024-10-31 19:34:24,033 ] 32 root - INFO - Required number of columns:2
[ 2024-10-31 19:34:24,034 ] 33 root - INFO - Data frame has columns:31
[ 2024-10-31 19:34:24,034 ] 32 root - INFO - Required number of columns:2
[ 2024-10-31 19:34:24,034 ] 33 root - INFO - Data frame has columns:31
[ 2024-10-31 19:34:24,176 ] 63 root - INFO - Entered initiate_data_transformation method of DataTransformation class
[ 2024-10-31 19:34:24,176 ] 65 root - INFO - Starting data transformation
[ 2024-10-31 19:34:24,199 ] 48 root - INFO - Entered get_data_trnasformer_object method of Trnasformation class
[ 2024-10-31 19:34:24,199 ] 53 root - INFO - Initialise KNNImputer with {'missing_values': nan, 'n_neighbors': 3, 'weights': 'uniform'}
[ 2024-10-31 19:34:24,210 ] 46 root - INFO - Entered the save_object method of MainUtils class
[ 2024-10-31 19:34:24,211 ] 50 root - INFO - Exited the save_object method of MainUtils class
[ 2024-10-31 19:34:24,211 ] 46 root - INFO - Entered the save_object method of MainUtils class
[ 2024-10-31 19:34:24,214 ] 50 root - INFO - Exited the save_object method of MainUtils class
[ 2024-10-31 19:37:30,784 ] 46 root - INFO - Entered the save_object method of MainUtils class
[ 2024-10-31 19:37:30,785 ] 50 root - INFO - Exited the save_object method of MainUtils class
[ 2024-10-31 19:37:30,785 ] 46 root - INFO - Entered the save_object method of MainUtils class
[ 2024-10-31 19:37:30,806 ] 50 root - INFO - Exited the save_object method of MainUtils class
[ 2024-10-31 19:37:30,806 ] 154 root - INFO - Model trainer artifact: ModelTrainerArtifact(trained_model_file_path='Artifacts/10_31_2024_19_31_34/model_trainer/trained_model/model.pkl', train_metric_artifact=ClassificationMetricArtifact(f1_score=np.float64(0.9917991292902704), precision_score=np.float64(0.9902951880307319), recall_score=np.float64(0.9933076455080105)), test_metric_artifact=ClassificationMetricArtifact(f1_score=np.float64(0.9715447154471545), precision_score=np.float64(0.9683954619124797), recall_score=np.float64(0.9747145187601958)))
