[ 2024-10-31 19:49:11,492 ] 1038 httpx - INFO - HTTP Request: GET https://dagshub.com/api/v1/user "HTTP/1.1 200 OK"
[ 2024-10-31 19:49:11,496 ] 107 dagshub - INFO - Accessing as mkirankumar0497
[ 2024-10-31 19:49:11,751 ] 1038 httpx - INFO - HTTP Request: GET https://dagshub.com/api/v1/repos/mkirankumar0497/networksecurity "HTTP/1.1 200 OK"
[ 2024-10-31 19:49:11,754 ] 107 dagshub - INFO - Initialized MLflow to track repo "mkirankumar0497/networksecurity"
[ 2024-10-31 19:49:11,754 ] 107 dagshub - INFO - Repository mkirankumar0497/networksecurity initialized!
[ 2024-10-31 19:49:31,980 ] 42 root - INFO - Start data Ingestion
[ 2024-10-31 19:49:33,757 ] 65 root - INFO - Performed train test split on the dataframe
[ 2024-10-31 19:49:33,757 ] 67 root - INFO - Exited split_data_as_train_test method of Data_Ingestion class
[ 2024-10-31 19:49:33,757 ] 75 root - INFO - Exporting train and test file path.
[ 2024-10-31 19:49:33,827 ] 84 root - INFO - Exported train and test file path.
[ 2024-10-31 19:49:33,827 ] 45 root - INFO - Data Ingestion completed and artifact: DataIngestionArtifact(trained_file_path='Artifacts/10_31_2024_19_49_08/data_ingestion/ingested/train.csv', test_file_path='Artifacts/10_31_2024_19_49_08/data_ingestion/ingested/test.csv')
[ 2024-10-31 19:49:33,836 ] 55 root - INFO - Initiate the data Validation
[ 2024-10-31 19:49:33,865 ] 32 root - INFO - Required number of columns:2
[ 2024-10-31 19:49:33,865 ] 33 root - INFO - Data frame has columns:31
[ 2024-10-31 19:49:33,865 ] 32 root - INFO - Required number of columns:2
[ 2024-10-31 19:49:33,865 ] 33 root - INFO - Data frame has columns:31
[ 2024-10-31 19:49:34,026 ] 63 root - INFO - Entered initiate_data_transformation method of DataTransformation class
[ 2024-10-31 19:49:34,026 ] 65 root - INFO - Starting data transformation
[ 2024-10-31 19:49:34,050 ] 48 root - INFO - Entered get_data_trnasformer_object method of Trnasformation class
[ 2024-10-31 19:49:34,050 ] 53 root - INFO - Initialise KNNImputer with {'missing_values': nan, 'n_neighbors': 3, 'weights': 'uniform'}
[ 2024-10-31 19:49:34,063 ] 46 root - INFO - Entered the save_object method of MainUtils class
[ 2024-10-31 19:49:34,064 ] 50 root - INFO - Exited the save_object method of MainUtils class
[ 2024-10-31 19:49:34,064 ] 46 root - INFO - Entered the save_object method of MainUtils class
[ 2024-10-31 19:49:34,067 ] 50 root - INFO - Exited the save_object method of MainUtils class
[ 2024-10-31 19:52:54,883 ] 46 root - INFO - Entered the save_object method of MainUtils class
[ 2024-10-31 19:52:54,883 ] 50 root - INFO - Exited the save_object method of MainUtils class
[ 2024-10-31 19:52:54,883 ] 46 root - INFO - Entered the save_object method of MainUtils class
[ 2024-10-31 19:52:54,923 ] 50 root - INFO - Exited the save_object method of MainUtils class
[ 2024-10-31 19:52:54,923 ] 154 root - INFO - Model trainer artifact: ModelTrainerArtifact(trained_model_file_path='Artifacts/10_31_2024_19_49_08/model_trainer/trained_model/model.pkl', train_metric_artifact=ClassificationMetricArtifact(f1_score=np.float64(0.9914184755174155), precision_score=np.float64(0.9879275653923542), recall_score=np.float64(0.9949341438703141)), test_metric_artifact=ClassificationMetricArtifact(f1_score=np.float64(0.9689140088817118), precision_score=np.float64(0.9561752988047809), recall_score=np.float64(0.9819967266775778)))
[ 2024-10-31 20:04:28,833 ] 42 root - INFO - Start data Ingestion
[ 2024-10-31 20:04:31,287 ] 65 root - INFO - Performed train test split on the dataframe
[ 2024-10-31 20:04:31,287 ] 67 root - INFO - Exited split_data_as_train_test method of Data_Ingestion class
[ 2024-10-31 20:04:31,287 ] 75 root - INFO - Exporting train and test file path.
[ 2024-10-31 20:04:31,354 ] 84 root - INFO - Exported train and test file path.
[ 2024-10-31 20:04:31,355 ] 45 root - INFO - Data Ingestion completed and artifact: DataIngestionArtifact(trained_file_path='Artifacts/10_31_2024_19_49_08/data_ingestion/ingested/train.csv', test_file_path='Artifacts/10_31_2024_19_49_08/data_ingestion/ingested/test.csv')
[ 2024-10-31 20:04:31,362 ] 55 root - INFO - Initiate the data Validation
[ 2024-10-31 20:04:31,387 ] 32 root - INFO - Required number of columns:2
[ 2024-10-31 20:04:31,387 ] 33 root - INFO - Data frame has columns:31
[ 2024-10-31 20:04:31,387 ] 32 root - INFO - Required number of columns:2
[ 2024-10-31 20:04:31,387 ] 33 root - INFO - Data frame has columns:31
[ 2024-10-31 20:04:31,532 ] 63 root - INFO - Entered initiate_data_transformation method of DataTransformation class
[ 2024-10-31 20:04:31,532 ] 65 root - INFO - Starting data transformation
[ 2024-10-31 20:04:31,556 ] 48 root - INFO - Entered get_data_trnasformer_object method of Trnasformation class
[ 2024-10-31 20:04:31,556 ] 53 root - INFO - Initialise KNNImputer with {'missing_values': nan, 'n_neighbors': 3, 'weights': 'uniform'}
[ 2024-10-31 20:04:31,567 ] 46 root - INFO - Entered the save_object method of MainUtils class
[ 2024-10-31 20:04:31,569 ] 50 root - INFO - Exited the save_object method of MainUtils class
[ 2024-10-31 20:04:31,569 ] 46 root - INFO - Entered the save_object method of MainUtils class
[ 2024-10-31 20:04:31,570 ] 50 root - INFO - Exited the save_object method of MainUtils class
[ 2024-10-31 20:07:11,940 ] 827 urllib3.connectionpool - WARNING - Retrying (JitteredRetry(total=4, connect=5, read=4, redirect=5, status=5)) after connection broken by 'ProtocolError('Connection aborted.', ConnectionResetError(54, 'Connection reset by peer'))': /mkirankumar0497/networksecurity.mlflow/api/2.0/mlflow/runs/create
[ 2024-10-31 20:07:35,906 ] 46 root - INFO - Entered the save_object method of MainUtils class
[ 2024-10-31 20:07:35,907 ] 50 root - INFO - Exited the save_object method of MainUtils class
[ 2024-10-31 20:07:35,907 ] 46 root - INFO - Entered the save_object method of MainUtils class
[ 2024-10-31 20:07:35,911 ] 50 root - INFO - Exited the save_object method of MainUtils class
[ 2024-10-31 20:07:35,912 ] 154 root - INFO - Model trainer artifact: ModelTrainerArtifact(trained_model_file_path='Artifacts/10_31_2024_19_49_08/model_trainer/trained_model/model.pkl', train_metric_artifact=ClassificationMetricArtifact(f1_score=np.float64(0.9916456970306996), precision_score=np.float64(0.9897528631705846), recall_score=np.float64(0.9935457845905608)), test_metric_artifact=ClassificationMetricArtifact(f1_score=np.float64(0.9759535655058044), precision_score=np.float64(0.9703215169002474), recall_score=np.float64(0.981651376146789)))
